<?xml version="1.0" encoding="UTF-8"?>
<testsuite name="com.BridgeLabz.userRegistration.UserRegistrationTests" tests="1" skipped="0" failures="0" errors="0" timestamp="2020-04-04T08:46:00" hostname="rageshwari" time="0.004">
  <properties/>
  <testcase name="givenInvalidPasswordFormat_shouldReturnFalse" classname="com.BridgeLabz.userRegistration.UserRegistrationTests" time="0.004"/>
  <system-out><![CDATA[]]></system-out>
  <system-err><![CDATA[]]></system-err>
</testsuite>
