<?xml version="1.0" encoding="UTF-8"?>
<testsuite name="com.BridgeLabz.userRegistration.UserRegistrationTests" tests="10" skipped="0" failures="0" errors="0" timestamp="2020-04-10T16:42:23" hostname="rageshwari" time="0.013">
  <properties/>
  <testcase name="givenValidLastName_shouldReturnTrue" classname="com.BridgeLabz.userRegistration.UserRegistrationTests" time="0.004"/>
  <testcase name="givenInvalidFirstName_shouldReturnFalse" classname="com.BridgeLabz.userRegistration.UserRegistrationTests" time="0.0"/>
  <testcase name="givenInvalidEmail_shouldReturnFalse" classname="com.BridgeLabz.userRegistration.UserRegistrationTests" time="0.001"/>
  <testcase name="givenInvalidMobileFormat_shouldReturnFalse" classname="com.BridgeLabz.userRegistration.UserRegistrationTests" time="0.0"/>
  <testcase name="givenValidMobileFormat_shouldReturnTrue" classname="com.BridgeLabz.userRegistration.UserRegistrationTests" time="0.0"/>
  <testcase name="givenValidFirstName_shouldReturnTrue" classname="com.BridgeLabz.userRegistration.UserRegistrationTests" time="0.0"/>
  <testcase name="givenValidEmail_shouldReturnTrue" classname="com.BridgeLabz.userRegistration.UserRegistrationTests" time="0.0"/>
  <testcase name="givenInvalidLastName_shouldReturnFalse" classname="com.BridgeLabz.userRegistration.UserRegistrationTests" time="0.0"/>
  <testcase name="givenInvalidPasswordFormat_shouldReturnFalse" classname="com.BridgeLabz.userRegistration.UserRegistrationTests" time="0.001"/>
  <testcase name="givenValidPasswordFormat_shouldReturnTrue" classname="com.BridgeLabz.userRegistration.UserRegistrationTests" time="0.0"/>
  <system-out><![CDATA[]]></system-out>
  <system-err><![CDATA[]]></system-err>
</testsuite>
